<EastReport>
  <ShowGrid>True</ShowGrid>
  <SnapGrid>True</SnapGrid>
  <GridSize>4</GridSize>
  <BeginPrintScript>
  </BeginPrintScript>
  <EndPrintScript>
  </EndPrintScript>
  <Variants>
    <EastReport.Variant>
      <DefaultValue value="" />
      <Type value="string" />
      <Name value="BatchNo" />
    </EastReport.Variant>
    <EastReport.Variant>
      <DefaultValue value="" />
      <Type value="string" />
      <Name value="QualityString" />
    </EastReport.Variant>
    <EastReport.Variant>
      <DefaultValue value="" />
      <Type value="string" />
      <Name value="ColorNum" />
    </EastReport.Variant>
    <EastReport.Variant>
      <DefaultValue value="" />
      <Type value="string" />
      <Name value="Specs" />
    </EastReport.Variant>
    <EastReport.Variant>
      <DefaultValue value="Robert" />
      <Type value="string" />
      <Name value="OperName" />
    </EastReport.Variant>
    <EastReport.Variant>
      <DefaultValue value="Company" />
      <Type value="string" />
      <Name value="CompanyName" />
    </EastReport.Variant>
  </Variants>
  <Pages>
    <EastReport.Page>
      <Name value="Page1" />
      <TabIndex value="0" />
      <Size value="{Width=827, Height=1169}" />
      <Location value="{X=27,Y=16}" />
      <EndPrintScript value="" />
      <BeginPrintScript value="" />
      <MarginsBottom value="50" />
      <MarginsRight value="65" />
      <MarginsLeft value="50" />
      <MarginsTop value="50" />
      <Landscape value="False" />
      <PaperHeight value="1169" />
      <PaperWidth value="827" />
      <PaperName value="A4" />
      <IsSubPage value="False" />
      <Controls>
        <EastReport.Component.ExpressionLabel>
          <Name value="expressionLabel11" />
          <Text value="expressionLabel11" />
          <TabIndex value="42" />
          <Size value="{Width=77, Height=25}" />
          <Location value="{X=644,Y=172}" />
          <EndPrintScript value="" />
          <BeginPrintScript value="" />
          <Page value="Page1 [EastReport.Page], BorderStyle: System.Windows.Forms.BorderStyle.None" />
          <FontUnderline value="False" />
          <FontStrikeout value="False" />
          <FontItalic value="False" />
          <FontBold value="False" />
          <Font value="[Font: Name=宋体, Size=10, Units=3, GdiCharSet=1, GdiVerticalFont=False]" />
          <ForeColor value="Color [Black]" />
          <BackColor value="Color [Transparent]" />
          <BorderColor value="Color [Black]" />
          <BorderWidth value="1" />
          <DrawBottomBorder value="True" />
          <DrawRightBorder value="True" />
          <DrawLeftBorder value="True" />
          <DrawTopBorder value="True" />
          <TextAlignment value="MiddleCenter" />
          <Expression value="BoxDetail.ReelNum6" />
        </EastReport.Component.ExpressionLabel>
        <EastReport.Component.ExpressionLabel>
          <Name value="expressionLabel10" />
          <Text value="expressionLabel10" />
          <TabIndex value="41" />
          <Size value="{Width=77, Height=25}" />
          <Location value="{X=568,Y=172}" />
          <EndPrintScript value="" />
          <BeginPrintScript value="" />
          <Page value="Page1 [EastReport.Page], BorderStyle: System.Windows.Forms.BorderStyle.None" />
          <FontUnderline value="False" />
          <FontStrikeout value="False" />
          <FontItalic value="False" />
          <FontBold value="False" />
          <Font value="[Font: Name=宋体, Size=10, Units=3, GdiCharSet=1, GdiVerticalFont=False]" />
          <ForeColor value="Color [Black]" />
          <BackColor value="Color [Transparent]" />
          <BorderColor value="Color [Black]" />
          <BorderWidth value="1" />
          <DrawBottomBorder value="True" />
          <DrawRightBorder value="True" />
          <DrawLeftBorder value="True" />
          <DrawTopBorder value="True" />
          <TextAlignment value="MiddleCenter" />
          <Expression value="BoxDetail.ReelNum5" />
        </EastReport.Component.ExpressionLabel>
        <EastReport.Component.ExpressionLabel>
          <Name value="expressionLabel9" />
          <Text value="expressionLabel9" />
          <TabIndex value="40" />
          <Size value="{Width=77, Height=25}" />
          <Location value="{X=492,Y=172}" />
          <EndPrintScript value="" />
          <BeginPrintScript value="" />
          <Page value="Page1 [EastReport.Page], BorderStyle: System.Windows.Forms.BorderStyle.None" />
          <FontUnderline value="False" />
          <FontStrikeout value="False" />
          <FontItalic value="False" />
          <FontBold value="False" />
          <Font value="[Font: Name=宋体, Size=10, Units=3, GdiCharSet=1, GdiVerticalFont=False]" />
          <ForeColor value="Color [Black]" />
          <BackColor value="Color [Transparent]" />
          <BorderColor value="Color [Black]" />
          <BorderWidth value="1" />
          <DrawBottomBorder value="True" />
          <DrawRightBorder value="True" />
          <DrawLeftBorder value="True" />
          <DrawTopBorder value="True" />
          <TextAlignment value="MiddleCenter" />
          <Expression value="BoxDetail.ReelNum4" />
        </EastReport.Component.ExpressionLabel>
        <EastReport.Component.ExpressionLabel>
          <Name value="expressionLabel8" />
          <Text value="expressionLabel8" />
          <TabIndex value="39" />
          <Size value="{Width=77, Height=25}" />
          <Location value="{X=416,Y=172}" />
          <EndPrintScript value="" />
          <BeginPrintScript value="" />
          <Page value="Page1 [EastReport.Page], BorderStyle: System.Windows.Forms.BorderStyle.None" />
          <FontUnderline value="False" />
          <FontStrikeout value="False" />
          <FontItalic value="False" />
          <FontBold value="False" />
          <Font value="[Font: Name=宋体, Size=10, Units=3, GdiCharSet=1, GdiVerticalFont=False]" />
          <ForeColor value="Color [Black]" />
          <BackColor value="Color [Transparent]" />
          <BorderColor value="Color [Black]" />
          <BorderWidth value="1" />
          <DrawBottomBorder value="True" />
          <DrawRightBorder value="True" />
          <DrawLeftBorder value="True" />
          <DrawTopBorder value="True" />
          <TextAlignment value="MiddleCenter" />
          <Expression value="BoxDetail.ReelNum3" />
        </EastReport.Component.ExpressionLabel>
        <EastReport.Component.ExpressionLabel>
          <Name value="expressionLabel7" />
          <Text value="expressionLabel7" />
          <TabIndex value="38" />
          <Size value="{Width=77, Height=25}" />
          <Location value="{X=340,Y=172}" />
          <EndPrintScript value="" />
          <BeginPrintScript value="" />
          <Page value="Page1 [EastReport.Page], BorderStyle: System.Windows.Forms.BorderStyle.None" />
          <FontUnderline value="False" />
          <FontStrikeout value="False" />
          <FontItalic value="False" />
          <FontBold value="False" />
          <Font value="[Font: Name=宋体, Size=10, Units=3, GdiCharSet=1, GdiVerticalFont=False]" />
          <ForeColor value="Color [Black]" />
          <BackColor value="Color [Transparent]" />
          <BorderColor value="Color [Black]" />
          <BorderWidth value="1" />
          <DrawBottomBorder value="True" />
          <DrawRightBorder value="True" />
          <DrawLeftBorder value="True" />
          <DrawTopBorder value="True" />
          <TextAlignment value="MiddleCenter" />
          <Expression value="BoxDetail.ReelNum2" />
        </EastReport.Component.ExpressionLabel>
        <EastReport.Component.ExpressionLabel>
          <Name value="expressionLabel6" />
          <Text value="expressionLabel6" />
          <TabIndex value="37" />
          <Size value="{Width=77, Height=25}" />
          <Location value="{X=264,Y=172}" />
          <EndPrintScript value="" />
          <BeginPrintScript value="" />
          <Page value="Page1 [EastReport.Page], BorderStyle: System.Windows.Forms.BorderStyle.None" />
          <FontUnderline value="False" />
          <FontStrikeout value="False" />
          <FontItalic value="False" />
          <FontBold value="False" />
          <Font value="[Font: Name=宋体, Size=10, Units=3, GdiCharSet=1, GdiVerticalFont=False]" />
          <ForeColor value="Color [Black]" />
          <BackColor value="Color [Transparent]" />
          <BorderColor value="Color [Black]" />
          <BorderWidth value="1" />
          <DrawBottomBorder value="True" />
          <DrawRightBorder value="True" />
          <DrawLeftBorder value="True" />
          <DrawTopBorder value="True" />
          <TextAlignment value="MiddleCenter" />
          <Expression value="BoxDetail.ReelNum1" />
        </EastReport.Component.ExpressionLabel>
        <EastReport.Component.ExpressionLabel>
          <Name value="expressionLabel5" />
          <Text value="expressionLabel5" />
          <TabIndex value="36" />
          <Size value="{Width=77, Height=25}" />
          <Location value="{X=720,Y=232}" />
          <EndPrintScript value="" />
          <BeginPrintScript value="" />
          <Page value="Page1 [EastReport.Page], BorderStyle: System.Windows.Forms.BorderStyle.None" />
          <FontUnderline value="False" />
          <FontStrikeout value="False" />
          <FontItalic value="False" />
          <FontBold value="False" />
          <Font value="[Font: Name=宋体, Size=9, Units=3, GdiCharSet=1, GdiVerticalFont=False]" />
          <ForeColor value="Color [Black]" />
          <BackColor value="Color [Transparent]" />
          <BorderColor value="Color [Black]" />
          <BorderWidth value="1" />
          <DrawBottomBorder value="False" />
          <DrawRightBorder value="False" />
          <DrawLeftBorder value="False" />
          <DrawTopBorder value="False" />
          <TextAlignment value="TopLeft" />
          <Expression value="BoxDetail.RollSum" />
        </EastReport.Component.ExpressionLabel>
        <EastReport.Component.ExpressionLabel>
          <Name value="expressionLabel4" />
          <Text value="expressionLabel4" />
          <TabIndex value="35" />
          <Size value="{Width=77, Height=25}" />
          <Location value="{X=704,Y=120}" />
          <EndPrintScript value="" />
          <BeginPrintScript value="" />
          <Page value="Page1 [EastReport.Page], BorderStyle: System.Windows.Forms.BorderStyle.None" />
          <FontUnderline value="False" />
          <FontStrikeout value="False" />
          <FontItalic value="False" />
          <FontBold value="False" />
          <Font value="[Font: Name=宋体, Size=9, Units=3, GdiCharSet=1, GdiVerticalFont=False]" />
          <ForeColor value="Color [Black]" />
          <BackColor value="Color [Transparent]" />
          <BorderColor value="Color [Black]" />
          <BorderWidth value="1" />
          <DrawBottomBorder value="False" />
          <DrawRightBorder value="False" />
          <DrawLeftBorder value="False" />
          <DrawTopBorder value="False" />
          <TextAlignment value="MiddleLeft" />
          <Expression value="Specs.ToString()" />
        </EastReport.Component.ExpressionLabel>
        <EastReport.Component.ExpressionLabel>
          <Name value="expressionLabel3" />
          <Text value="expressionLabel3" />
          <TabIndex value="34" />
          <Size value="{Width=77, Height=25}" />
          <Location value="{X=544,Y=120}" />
          <EndPrintScript value="" />
          <BeginPrintScript value="" />
          <Page value="Page1 [EastReport.Page], BorderStyle: System.Windows.Forms.BorderStyle.None" />
          <FontUnderline value="False" />
          <FontStrikeout value="False" />
          <FontItalic value="False" />
          <FontBold value="False" />
          <Font value="[Font: Name=宋体, Size=9, Units=3, GdiCharSet=1, GdiVerticalFont=False]" />
          <ForeColor value="Color [Black]" />
          <BackColor value="Color [Transparent]" />
          <BorderColor value="Color [Black]" />
          <BorderWidth value="1" />
          <DrawBottomBorder value="False" />
          <DrawRightBorder value="False" />
          <DrawLeftBorder value="False" />
          <DrawTopBorder value="False" />
          <TextAlignment value="MiddleLeft" />
          <Expression value="ColorNum.ToString()" />
        </EastReport.Component.ExpressionLabel>
        <EastReport.Component.ExpressionLabel>
          <Name value="expressionLabel2" />
          <Text value="expressionLabel2" />
          <TabIndex value="33" />
          <Size value="{Width=121, Height=25}" />
          <Location value="{X=316,Y=120}" />
          <EndPrintScript value="" />
          <BeginPrintScript value="" />
          <Page value="Page1 [EastReport.Page], BorderStyle: System.Windows.Forms.BorderStyle.None" />
          <FontUnderline value="False" />
          <FontStrikeout value="False" />
          <FontItalic value="False" />
          <FontBold value="False" />
          <Font value="[Font: Name=宋体, Size=9, Units=3, GdiCharSet=1, GdiVerticalFont=False]" />
          <ForeColor value="Color [Black]" />
          <BackColor value="Color [Transparent]" />
          <BorderColor value="Color [Black]" />
          <BorderWidth value="1" />
          <DrawBottomBorder value="False" />
          <DrawRightBorder value="False" />
          <DrawLeftBorder value="False" />
          <DrawTopBorder value="False" />
          <TextAlignment value="MiddleLeft" />
          <Expression value="QualityString.ToString()" />
        </EastReport.Component.ExpressionLabel>
        <EastReport.Component.ExpressionLabel>
          <Name value="expressionLabel" />
          <Text value="expressionLabel" />
          <TabIndex value="32" />
          <Size value="{Width=77, Height=25}" />
          <Location value="{X=92,Y=120}" />
          <EndPrintScript value="" />
          <BeginPrintScript value="" />
          <Page value="Page1 [EastReport.Page], BorderStyle: System.Windows.Forms.BorderStyle.None" />
          <FontUnderline value="False" />
          <FontStrikeout value="False" />
          <FontItalic value="False" />
          <FontBold value="False" />
          <Font value="[Font: Name=宋体, Size=9, Units=3, GdiCharSet=1, GdiVerticalFont=False]" />
          <ForeColor value="Color [Black]" />
          <BackColor value="Color [Transparent]" />
          <BorderColor value="Color [Black]" />
          <BorderWidth value="1" />
          <DrawBottomBorder value="False" />
          <DrawRightBorder value="False" />
          <DrawLeftBorder value="False" />
          <DrawTopBorder value="False" />
          <TextAlignment value="MiddleLeft" />
          <Expression value="BatchNo.ToString()" />
        </EastReport.Component.ExpressionLabel>
        <EastReport.Component.Label>
          <Name value="label19" />
          <Text value="label19" />
          <TabIndex value="31" />
          <Size value="{Width=53, Height=25}" />
          <Location value="{X=648,Y=120}" />
          <EndPrintScript value="" />
          <BeginPrintScript value="" />
          <Page value="Page1 [EastReport.Page], BorderStyle: System.Windows.Forms.BorderStyle.None" />
          <FontUnderline value="False" />
          <FontStrikeout value="False" />
          <FontItalic value="False" />
          <FontBold value="False" />
          <Font value="[Font: Name=宋体, Size=9, Units=3, GdiCharSet=1, GdiVerticalFont=False]" />
          <ForeColor value="Color [Black]" />
          <BackColor value="Color [Transparent]" />
          <BorderColor value="Color [Black]" />
          <BorderWidth value="1" />
          <DrawBottomBorder value="False" />
          <DrawRightBorder value="False" />
          <DrawLeftBorder value="False" />
          <DrawTopBorder value="False" />
          <TextAlignment value="MiddleLeft" />
          <Caption value="规格：" />
        </EastReport.Component.Label>
        <EastReport.Component.Label>
          <Name value="label18" />
          <Text value="label18" />
          <TabIndex value="30" />
          <Size value="{Width=45, Height=25}" />
          <Location value="{X=496,Y=120}" />
          <EndPrintScript value="" />
          <BeginPrintScript value="" />
          <Page value="Page1 [EastReport.Page], BorderStyle: System.Windows.Forms.BorderStyle.None" />
          <FontUnderline value="False" />
          <FontStrikeout value="False" />
          <FontItalic value="False" />
          <FontBold value="False" />
          <Font value="[Font: Name=宋体, Size=9, Units=3, GdiCharSet=1, GdiVerticalFont=False]" />
          <ForeColor value="Color [Black]" />
          <BackColor value="Color [Transparent]" />
          <BorderColor value="Color [Black]" />
          <BorderWidth value="1" />
          <DrawBottomBorder value="False" />
          <DrawRightBorder value="False" />
          <DrawLeftBorder value="False" />
          <DrawTopBorder value="False" />
          <TextAlignment value="MiddleLeft" />
          <Caption value="色号：" />
        </EastReport.Component.Label>
        <EastReport.Component.Label>
          <Name value="label17" />
          <Text value="label17" />
          <TabIndex value="29" />
          <Size value="{Width=45, Height=25}" />
          <Location value="{X=268,Y=120}" />
          <EndPrintScript value="" />
          <BeginPrintScript value="" />
          <Page value="Page1 [EastReport.Page], BorderStyle: System.Windows.Forms.BorderStyle.None" />
          <FontUnderline value="False" />
          <FontStrikeout value="False" />
          <FontItalic value="False" />
          <FontBold value="False" />
          <Font value="[Font: Name=宋体, Size=9, Units=3, GdiCharSet=1, GdiVerticalFont=False]" />
          <ForeColor value="Color [Black]" />
          <BackColor value="Color [Transparent]" />
          <BorderColor value="Color [Black]" />
          <BorderWidth value="1" />
          <DrawBottomBorder value="False" />
          <DrawRightBorder value="False" />
          <DrawLeftBorder value="False" />
          <DrawTopBorder value="False" />
          <TextAlignment value="MiddleLeft" />
          <Caption value="品名：" />
        </EastReport.Component.Label>
        <EastReport.Component.Label>
          <Name value="label16" />
          <Text value="label16" />
          <TabIndex value="28" />
          <Size value="{Width=45, Height=25}" />
          <Location value="{X=44,Y=120}" />
          <EndPrintScript value="" />
          <BeginPrintScript value="" />
          <Page value="Page1 [EastReport.Page], BorderStyle: System.Windows.Forms.BorderStyle.None" />
          <FontUnderline value="False" />
          <FontStrikeout value="False" />
          <FontItalic value="False" />
          <FontBold value="False" />
          <Font value="[Font: Name=宋体, Size=9, Units=3, GdiCharSet=1, GdiVerticalFont=False]" />
          <ForeColor value="Color [Black]" />
          <BackColor value="Color [Transparent]" />
          <BorderColor value="Color [Black]" />
          <BorderWidth value="1" />
          <DrawBottomBorder value="False" />
          <DrawRightBorder value="False" />
          <DrawLeftBorder value="False" />
          <DrawTopBorder value="False" />
          <TextAlignment value="MiddleLeft" />
          <Caption value="批号：" />
        </EastReport.Component.Label>
        <EastReport.Component.DBText>
          <Name value="dBText8" />
          <Text value="dBText8" />
          <TabIndex value="27" />
          <Size value="{Width=77, Height=49}" />
          <Location value="{X=720,Y=172}" />
          <EndPrintScript value="" />
          <BeginPrintScript value="" />
          <Page value="Page1 [EastReport.Page], BorderStyle: System.Windows.Forms.BorderStyle.None" />
          <FontUnderline value="False" />
          <FontStrikeout value="False" />
          <FontItalic value="False" />
          <FontBold value="False" />
          <Font value="[Font: Name=宋体, Size=12, Units=3, GdiCharSet=1, GdiVerticalFont=False]" />
          <ForeColor value="Color [Black]" />
          <BackColor value="Color [Transparent]" />
          <BorderColor value="Color [Black]" />
          <BorderWidth value="1" />
          <DrawBottomBorder value="True" />
          <DrawRightBorder value="True" />
          <DrawLeftBorder value="True" />
          <DrawTopBorder value="True" />
          <TextAlignment value="MiddleCenter" />
          <ColumnName value="BoxDetail_RollSum" />
          <Column value="EastReport.DataSource.ERColumn" />
        </EastReport.Component.DBText>
        <EastReport.Component.DBText>
          <Name value="dBText7" />
          <Text value="dBText7" />
          <TabIndex value="26" />
          <Size value="{Width=77, Height=25}" />
          <Location value="{X=644,Y=196}" />
          <EndPrintScript value="" />
          <BeginPrintScript value="" />
          <Page value="Page1 [EastReport.Page], BorderStyle: System.Windows.Forms.BorderStyle.None" />
          <FontUnderline value="False" />
          <FontStrikeout value="False" />
          <FontItalic value="False" />
          <FontBold value="False" />
          <Font value="[Font: Name=宋体, Size=12, Units=3, GdiCharSet=1, GdiVerticalFont=False]" />
          <ForeColor value="Color [Black]" />
          <BackColor value="Color [Transparent]" />
          <BorderColor value="Color [Black]" />
          <BorderWidth value="1" />
          <DrawBottomBorder value="True" />
          <DrawRightBorder value="True" />
          <DrawLeftBorder value="True" />
          <DrawTopBorder value="True" />
          <TextAlignment value="MiddleCenter" />
          <ColumnName value="BoxDetail_RollNum6" />
          <Column value="EastReport.DataSource.ERColumn" />
        </EastReport.Component.DBText>
        <EastReport.Component.DBText>
          <Name value="dBText6" />
          <Text value="dBText6" />
          <TabIndex value="25" />
          <Size value="{Width=77, Height=25}" />
          <Location value="{X=568,Y=196}" />
          <EndPrintScript value="" />
          <BeginPrintScript value="" />
          <Page value="Page1 [EastReport.Page], BorderStyle: System.Windows.Forms.BorderStyle.None" />
          <FontUnderline value="False" />
          <FontStrikeout value="False" />
          <FontItalic value="False" />
          <FontBold value="False" />
          <Font value="[Font: Name=宋体, Size=12, Units=3, GdiCharSet=1, GdiVerticalFont=False]" />
          <ForeColor value="Color [Black]" />
          <BackColor value="Color [Transparent]" />
          <BorderColor value="Color [Black]" />
          <BorderWidth value="1" />
          <DrawBottomBorder value="True" />
          <DrawRightBorder value="True" />
          <DrawLeftBorder value="True" />
          <DrawTopBorder value="True" />
          <TextAlignment value="MiddleCenter" />
          <ColumnName value="BoxDetail_RollNum5" />
          <Column value="EastReport.DataSource.ERColumn" />
        </EastReport.Component.DBText>
        <EastReport.Component.DBText>
          <Name value="dBText5" />
          <Text value="dBText5" />
          <TabIndex value="24" />
          <Size value="{Width=77, Height=25}" />
          <Location value="{X=492,Y=196}" />
          <EndPrintScript value="" />
          <BeginPrintScript value="" />
          <Page value="Page1 [EastReport.Page], BorderStyle: System.Windows.Forms.BorderStyle.None" />
          <FontUnderline value="False" />
          <FontStrikeout value="False" />
          <FontItalic value="False" />
          <FontBold value="False" />
          <Font value="[Font: Name=宋体, Size=12, Units=3, GdiCharSet=1, GdiVerticalFont=False]" />
          <ForeColor value="Color [Black]" />
          <BackColor value="Color [Transparent]" />
          <BorderColor value="Color [Black]" />
          <BorderWidth value="1" />
          <DrawBottomBorder value="True" />
          <DrawRightBorder value="True" />
          <DrawLeftBorder value="True" />
          <DrawTopBorder value="True" />
          <TextAlignment value="MiddleCenter" />
          <ColumnName value="BoxDetail_RollNum4" />
          <Column value="EastReport.DataSource.ERColumn" />
        </EastReport.Component.DBText>
        <EastReport.Component.DBText>
          <Name value="dBText4" />
          <Text value="dBText4" />
          <TabIndex value="23" />
          <Size value="{Width=77, Height=25}" />
          <Location value="{X=416,Y=196}" />
          <EndPrintScript value="" />
          <BeginPrintScript value="" />
          <Page value="Page1 [EastReport.Page], BorderStyle: System.Windows.Forms.BorderStyle.None" />
          <FontUnderline value="False" />
          <FontStrikeout value="False" />
          <FontItalic value="False" />
          <FontBold value="False" />
          <Font value="[Font: Name=宋体, Size=12, Units=3, GdiCharSet=1, GdiVerticalFont=False]" />
          <ForeColor value="Color [Black]" />
          <BackColor value="Color [Transparent]" />
          <BorderColor value="Color [Black]" />
          <BorderWidth value="1" />
          <DrawBottomBorder value="True" />
          <DrawRightBorder value="True" />
          <DrawLeftBorder value="True" />
          <DrawTopBorder value="True" />
          <TextAlignment value="MiddleCenter" />
          <ColumnName value="BoxDetail_RollNum3" />
          <Column value="EastReport.DataSource.ERColumn" />
        </EastReport.Component.DBText>
        <EastReport.Component.DBText>
          <Name value="dBText3" />
          <Text value="dBText3" />
          <TabIndex value="22" />
          <Size value="{Width=77, Height=25}" />
          <Location value="{X=340,Y=196}" />
          <EndPrintScript value="" />
          <BeginPrintScript value="" />
          <Page value="Page1 [EastReport.Page], BorderStyle: System.Windows.Forms.BorderStyle.None" />
          <FontUnderline value="False" />
          <FontStrikeout value="False" />
          <FontItalic value="False" />
          <FontBold value="False" />
          <Font value="[Font: Name=宋体, Size=12, Units=3, GdiCharSet=1, GdiVerticalFont=False]" />
          <ForeColor value="Color [Black]" />
          <BackColor value="Color [Transparent]" />
          <BorderColor value="Color [Black]" />
          <BorderWidth value="1" />
          <DrawBottomBorder value="True" />
          <DrawRightBorder value="True" />
          <DrawLeftBorder value="True" />
          <DrawTopBorder value="True" />
          <TextAlignment value="MiddleCenter" />
          <ColumnName value="BoxDetail_RollNum2" />
          <Column value="EastReport.DataSource.ERColumn" />
        </EastReport.Component.DBText>
        <EastReport.Component.DBText>
          <Name value="dBText2" />
          <Text value="dBText2" />
          <TabIndex value="21" />
          <Size value="{Width=77, Height=25}" />
          <Location value="{X=264,Y=196}" />
          <EndPrintScript value="" />
          <BeginPrintScript value="" />
          <Page value="Page1 [EastReport.Page], BorderStyle: System.Windows.Forms.BorderStyle.None" />
          <FontUnderline value="False" />
          <FontStrikeout value="False" />
          <FontItalic value="False" />
          <FontBold value="False" />
          <Font value="[Font: Name=宋体, Size=12, Units=3, GdiCharSet=1, GdiVerticalFont=False]" />
          <ForeColor value="Color [Black]" />
          <BackColor value="Color [Transparent]" />
          <BorderColor value="Color [Black]" />
          <BorderWidth value="1" />
          <DrawBottomBorder value="True" />
          <DrawRightBorder value="True" />
          <DrawLeftBorder value="True" />
          <DrawTopBorder value="True" />
          <TextAlignment value="MiddleCenter" />
          <ColumnName value="BoxDetail_RollNum1" />
          <Column value="EastReport.DataSource.ERColumn" />
        </EastReport.Component.DBText>
        <EastReport.Component.Label>
          <Name value="label15" />
          <Text value="label15" />
          <TabIndex value="20" />
          <Size value="{Width=77, Height=25}" />
          <Location value="{X=188,Y=196}" />
          <EndPrintScript value="" />
          <BeginPrintScript value="" />
          <Page value="Page1 [EastReport.Page], BorderStyle: System.Windows.Forms.BorderStyle.None" />
          <FontUnderline value="False" />
          <FontStrikeout value="False" />
          <FontItalic value="False" />
          <FontBold value="False" />
          <Font value="[Font: Name=宋体, Size=9, Units=3, GdiCharSet=1, GdiVerticalFont=False]" />
          <ForeColor value="Color [Black]" />
          <BackColor value="Color [Transparent]" />
          <BorderColor value="Color [Black]" />
          <BorderWidth value="1" />
          <DrawBottomBorder value="True" />
          <DrawRightBorder value="True" />
          <DrawLeftBorder value="True" />
          <DrawTopBorder value="True" />
          <TextAlignment value="MiddleCenter" />
          <Caption value="米数" />
        </EastReport.Component.Label>
        <EastReport.Component.Label>
          <Name value="label14" />
          <Text value="label14" />
          <TabIndex value="19" />
          <Size value="{Width=77, Height=25}" />
          <Location value="{X=188,Y=172}" />
          <EndPrintScript value="" />
          <BeginPrintScript value="" />
          <Page value="Page1 [EastReport.Page], BorderStyle: System.Windows.Forms.BorderStyle.None" />
          <FontUnderline value="False" />
          <FontStrikeout value="False" />
          <FontItalic value="False" />
          <FontBold value="False" />
          <Font value="[Font: Name=宋体, Size=9, Units=3, GdiCharSet=1, GdiVerticalFont=False]" />
          <ForeColor value="Color [Black]" />
          <BackColor value="Color [Transparent]" />
          <BorderColor value="Color [Black]" />
          <BorderWidth value="1" />
          <DrawBottomBorder value="True" />
          <DrawRightBorder value="True" />
          <DrawLeftBorder value="True" />
          <DrawTopBorder value="True" />
          <TextAlignment value="MiddleCenter" />
          <Caption value="卷号" />
        </EastReport.Component.Label>
        <EastReport.Component.Label>
          <Name value="label13" />
          <Text value="label13" />
          <TabIndex value="18" />
          <Size value="{Width=77, Height=49}" />
          <Location value="{X=112,Y=172}" />
          <EndPrintScript value="" />
          <BeginPrintScript value="" />
          <Page value="Page1 [EastReport.Page], BorderStyle: System.Windows.Forms.BorderStyle.None" />
          <FontUnderline value="False" />
          <FontStrikeout value="False" />
          <FontItalic value="False" />
          <FontBold value="False" />
          <Font value="[Font: Name=宋体, Size=12, Units=3, GdiCharSet=1, GdiVerticalFont=False]" />
          <ForeColor value="Color [Black]" />
          <BackColor value="Color [Transparent]" />
          <BorderColor value="Color [Black]" />
          <BorderWidth value="1" />
          <DrawBottomBorder value="True" />
          <DrawRightBorder value="True" />
          <DrawLeftBorder value="True" />
          <DrawTopBorder value="True" />
          <TextAlignment value="MiddleCenter" />
          <Caption value="A" />
        </EastReport.Component.Label>
        <EastReport.Component.DBText>
          <Name value="dBText" />
          <Text value="dBText" />
          <TabIndex value="17" />
          <Size value="{Width=77, Height=49}" />
          <Location value="{X=36,Y=172}" />
          <EndPrintScript value="" />
          <BeginPrintScript value="" />
          <Page value="Page1 [EastReport.Page], BorderStyle: System.Windows.Forms.BorderStyle.None" />
          <FontUnderline value="False" />
          <FontStrikeout value="False" />
          <FontItalic value="False" />
          <FontBold value="False" />
          <Font value="[Font: Name=宋体, Size=12, Units=3, GdiCharSet=1, GdiVerticalFont=False]" />
          <ForeColor value="Color [Black]" />
          <BackColor value="Color [Transparent]" />
          <BorderColor value="Color [Black]" />
          <BorderWidth value="1" />
          <DrawBottomBorder value="True" />
          <DrawRightBorder value="True" />
          <DrawLeftBorder value="True" />
          <DrawTopBorder value="True" />
          <TextAlignment value="MiddleCenter" />
          <ColumnName value="BoxDetail_BoxNum" />
          <Column value="EastReport.DataSource.ERColumn" />
        </EastReport.Component.DBText>
        <EastReport.Component.Label>
          <Name value="label12" />
          <Text value="label12" />
          <TabIndex value="16" />
          <Size value="{Width=77, Height=25}" />
          <Location value="{X=116,Y=232}" />
          <EndPrintScript value="" />
          <BeginPrintScript value="" />
          <Page value="Page1 [EastReport.Page], BorderStyle: System.Windows.Forms.BorderStyle.None" />
          <FontUnderline value="False" />
          <FontStrikeout value="False" />
          <FontItalic value="False" />
          <FontBold value="False" />
          <Font value="[Font: Name=宋体, Size=9, Units=3, GdiCharSet=1, GdiVerticalFont=False]" />
          <ForeColor value="Color [Black]" />
          <BackColor value="Color [Transparent]" />
          <BorderColor value="Color [Black]" />
          <BorderWidth value="1" />
          <DrawBottomBorder value="False" />
          <DrawRightBorder value="False" />
          <DrawLeftBorder value="False" />
          <DrawTopBorder value="False" />
          <TextAlignment value="MiddleCenter" />
          <Caption value="制表" />
        </EastReport.Component.Label>
        <EastReport.Component.Label>
          <Name value="label11" />
          <Text value="label11" />
          <TabIndex value="15" />
          <Size value="{Width=77, Height=25}" />
          <Location value="{X=720,Y=148}" />
          <EndPrintScript value="" />
          <BeginPrintScript value="" />
          <Page value="Page1 [EastReport.Page], BorderStyle: System.Windows.Forms.BorderStyle.None" />
          <FontUnderline value="False" />
          <FontStrikeout value="False" />
          <FontItalic value="False" />
          <FontBold value="False" />
          <Font value="[Font: Name=宋体, Size=12, Units=3, GdiCharSet=1, GdiVerticalFont=False]" />
          <ForeColor value="Color [Black]" />
          <BackColor value="Color [Transparent]" />
          <BorderColor value="Color [Black]" />
          <BorderWidth value="1" />
          <DrawBottomBorder value="True" />
          <DrawRightBorder value="True" />
          <DrawLeftBorder value="True" />
          <DrawTopBorder value="True" />
          <TextAlignment value="TopCenter" />
          <Caption value="合计/m" />
        </EastReport.Component.Label>
        <EastReport.Component.Label>
          <Name value="label10" />
          <Text value="label10" />
          <TabIndex value="14" />
          <Size value="{Width=77, Height=25}" />
          <Location value="{X=644,Y=148}" />
          <EndPrintScript value="" />
          <BeginPrintScript value="" />
          <Page value="Page1 [EastReport.Page], BorderStyle: System.Windows.Forms.BorderStyle.None" />
          <FontUnderline value="False" />
          <FontStrikeout value="False" />
          <FontItalic value="False" />
          <FontBold value="False" />
          <Font value="[Font: Name=宋体, Size=14, Units=3, GdiCharSet=1, GdiVerticalFont=False]" />
          <ForeColor value="Color [Black]" />
          <BackColor value="Color [Transparent]" />
          <BorderColor value="Color [Black]" />
          <BorderWidth value="1" />
          <DrawBottomBorder value="True" />
          <DrawRightBorder value="True" />
          <DrawLeftBorder value="True" />
          <DrawTopBorder value="True" />
          <TextAlignment value="MiddleCenter" />
          <Caption value="6" />
        </EastReport.Component.Label>
        <EastReport.Component.Label>
          <Name value="label9" />
          <Text value="label9" />
          <TabIndex value="13" />
          <Size value="{Width=77, Height=25}" />
          <Location value="{X=568,Y=148}" />
          <EndPrintScript value="" />
          <BeginPrintScript value="" />
          <Page value="Page1 [EastReport.Page], BorderStyle: System.Windows.Forms.BorderStyle.None" />
          <FontUnderline value="False" />
          <FontStrikeout value="False" />
          <FontItalic value="False" />
          <FontBold value="False" />
          <Font value="[Font: Name=宋体, Size=14, Units=3, GdiCharSet=1, GdiVerticalFont=False]" />
          <ForeColor value="Color [Black]" />
          <BackColor value="Color [Transparent]" />
          <BorderColor value="Color [Black]" />
          <BorderWidth value="1" />
          <DrawBottomBorder value="True" />
          <DrawRightBorder value="True" />
          <DrawLeftBorder value="True" />
          <DrawTopBorder value="True" />
          <TextAlignment value="MiddleCenter" />
          <Caption value="5" />
        </EastReport.Component.Label>
        <EastReport.Component.Label>
          <Name value="label8" />
          <Text value="label8" />
          <TabIndex value="12" />
          <Size value="{Width=77, Height=25}" />
          <Location value="{X=492,Y=148}" />
          <EndPrintScript value="" />
          <BeginPrintScript value="" />
          <Page value="Page1 [EastReport.Page], BorderStyle: System.Windows.Forms.BorderStyle.None" />
          <FontUnderline value="False" />
          <FontStrikeout value="False" />
          <FontItalic value="False" />
          <FontBold value="False" />
          <Font value="[Font: Name=宋体, Size=16, Units=3, GdiCharSet=1, GdiVerticalFont=False]" />
          <ForeColor value="Color [Black]" />
          <BackColor value="Color [Transparent]" />
          <BorderColor value="Color [Black]" />
          <BorderWidth value="1" />
          <DrawBottomBorder value="True" />
          <DrawRightBorder value="True" />
          <DrawLeftBorder value="True" />
          <DrawTopBorder value="True" />
          <TextAlignment value="MiddleCenter" />
          <Caption value="4" />
        </EastReport.Component.Label>
        <EastReport.Component.Label>
          <Name value="label7" />
          <Text value="label7" />
          <TabIndex value="11" />
          <Size value="{Width=77, Height=25}" />
          <Location value="{X=416,Y=148}" />
          <EndPrintScript value="" />
          <BeginPrintScript value="" />
          <Page value="Page1 [EastReport.Page], BorderStyle: System.Windows.Forms.BorderStyle.None" />
          <FontUnderline value="False" />
          <FontStrikeout value="False" />
          <FontItalic value="False" />
          <FontBold value="False" />
          <Font value="[Font: Name=宋体, Size=14, Units=3, GdiCharSet=1, GdiVerticalFont=False]" />
          <ForeColor value="Color [Black]" />
          <BackColor value="Color [Transparent]" />
          <BorderColor value="Color [Black]" />
          <BorderWidth value="1" />
          <DrawBottomBorder value="True" />
          <DrawRightBorder value="True" />
          <DrawLeftBorder value="True" />
          <DrawTopBorder value="True" />
          <TextAlignment value="MiddleCenter" />
          <Caption value="3" />
        </EastReport.Component.Label>
        <EastReport.Component.Label>
          <Name value="label6" />
          <Text value="label6" />
          <TabIndex value="10" />
          <Size value="{Width=77, Height=25}" />
          <Location value="{X=340,Y=148}" />
          <EndPrintScript value="" />
          <BeginPrintScript value="" />
          <Page value="Page1 [EastReport.Page], BorderStyle: System.Windows.Forms.BorderStyle.None" />
          <FontUnderline value="False" />
          <FontStrikeout value="False" />
          <FontItalic value="False" />
          <FontBold value="False" />
          <Font value="[Font: Name=宋体, Size=14, Units=3, GdiCharSet=1, GdiVerticalFont=False]" />
          <ForeColor value="Color [Black]" />
          <BackColor value="Color [Transparent]" />
          <BorderColor value="Color [Black]" />
          <BorderWidth value="1" />
          <DrawBottomBorder value="True" />
          <DrawRightBorder value="True" />
          <DrawLeftBorder value="True" />
          <DrawTopBorder value="True" />
          <TextAlignment value="MiddleCenter" />
          <Caption value="2" />
        </EastReport.Component.Label>
        <EastReport.Component.Label>
          <Name value="label5" />
          <Text value="label5" />
          <TabIndex value="9" />
          <Size value="{Width=77, Height=25}" />
          <Location value="{X=264,Y=148}" />
          <EndPrintScript value="" />
          <BeginPrintScript value="" />
          <Page value="Page1 [EastReport.Page], BorderStyle: System.Windows.Forms.BorderStyle.None" />
          <FontUnderline value="False" />
          <FontStrikeout value="False" />
          <FontItalic value="False" />
          <FontBold value="False" />
          <Font value="[Font: Name=宋体, Size=14, Units=3, GdiCharSet=1, GdiVerticalFont=False]" />
          <ForeColor value="Color [Black]" />
          <BackColor value="Color [Transparent]" />
          <BorderColor value="Color [Black]" />
          <BorderWidth value="1" />
          <DrawBottomBorder value="True" />
          <DrawRightBorder value="True" />
          <DrawLeftBorder value="True" />
          <DrawTopBorder value="True" />
          <TextAlignment value="MiddleCenter" />
          <Caption value="1" />
        </EastReport.Component.Label>
        <EastReport.Component.Label>
          <Name value="label4" />
          <Text value="label4" />
          <TabIndex value="8" />
          <Size value="{Width=77, Height=25}" />
          <Location value="{X=188,Y=148}" />
          <EndPrintScript value="" />
          <BeginPrintScript value="" />
          <Page value="Page1 [EastReport.Page], BorderStyle: System.Windows.Forms.BorderStyle.None" />
          <FontUnderline value="False" />
          <FontStrikeout value="False" />
          <FontItalic value="False" />
          <FontBold value="False" />
          <Font value="[Font: Name=宋体, Size=12, Units=3, GdiCharSet=1, GdiVerticalFont=False]" />
          <ForeColor value="Color [Black]" />
          <BackColor value="Color [Transparent]" />
          <BorderColor value="Color [Black]" />
          <BorderWidth value="1" />
          <DrawBottomBorder value="True" />
          <DrawRightBorder value="True" />
          <DrawLeftBorder value="True" />
          <DrawTopBorder value="True" />
          <TextAlignment value="MiddleCenter" />
          <Caption value="箱内卷数" />
        </EastReport.Component.Label>
        <EastReport.Component.Label>
          <Name value="label3" />
          <Text value="label3" />
          <TabIndex value="7" />
          <Size value="{Width=77, Height=25}" />
          <Location value="{X=112,Y=148}" />
          <EndPrintScript value="" />
          <BeginPrintScript value="" />
          <Page value="Page1 [EastReport.Page], BorderStyle: System.Windows.Forms.BorderStyle.None" />
          <FontUnderline value="False" />
          <FontStrikeout value="False" />
          <FontItalic value="False" />
          <FontBold value="False" />
          <Font value="[Font: Name=宋体, Size=12, Units=3, GdiCharSet=1, GdiVerticalFont=False]" />
          <ForeColor value="Color [Black]" />
          <BackColor value="Color [Transparent]" />
          <BorderColor value="Color [Black]" />
          <BorderWidth value="1" />
          <DrawBottomBorder value="True" />
          <DrawRightBorder value="True" />
          <DrawLeftBorder value="True" />
          <DrawTopBorder value="True" />
          <TextAlignment value="MiddleCenter" />
          <Caption value="等级" />
        </EastReport.Component.Label>
        <EastReport.Component.Label>
          <Name value="label2" />
          <Text value="label2" />
          <TabIndex value="6" />
          <Size value="{Width=77, Height=25}" />
          <Location value="{X=36,Y=148}" />
          <EndPrintScript value="" />
          <BeginPrintScript value="" />
          <Page value="Page1 [EastReport.Page], BorderStyle: System.Windows.Forms.BorderStyle.None" />
          <FontUnderline value="False" />
          <FontStrikeout value="False" />
          <FontItalic value="False" />
          <FontBold value="False" />
          <Font value="[Font: Name=宋体, Size=12, Units=3, GdiCharSet=1, GdiVerticalFont=False]" />
          <ForeColor value="Color [Black]" />
          <BackColor value="Color [Transparent]" />
          <BorderColor value="Color [Black]" />
          <BorderWidth value="1" />
          <DrawBottomBorder value="True" />
          <DrawRightBorder value="True" />
          <DrawLeftBorder value="True" />
          <DrawTopBorder value="True" />
          <TextAlignment value="MiddleCenter" />
          <Caption value="箱号" />
        </EastReport.Component.Label>
        <EastReport.Component.Bands.PageFooterBand>
          <Name value="pageFooterBand" />
          <Text value="pageFooterBand" />
          <TabIndex value="5" />
          <Size value="{Width=827, Height=25}" />
          <Location value="{X=0,Y=264}" />
          <BackColor value="Color [PeachPuff]" />
          <EndPrintScript value="" />
          <BeginPrintScript value="" />
          <Page value="Page1 [EastReport.Page], BorderStyle: System.Windows.Forms.BorderStyle.None" />
          <Caption value="Page Footer" />
        </EastReport.Component.Bands.PageFooterBand>
        <EastReport.Component.Bands.MasterFooterBand>
          <Name value="masterFooterBand" />
          <Text value="masterFooterBand" />
          <TabIndex value="4" />
          <Size value="{Width=827, Height=25}" />
          <Location value="{X=0,Y=232}" />
          <BackColor value="Color [PeachPuff]" />
          <EndPrintScript value="" />
          <BeginPrintScript value="" />
          <Page value="Page1 [EastReport.Page], BorderStyle: System.Windows.Forms.BorderStyle.None" />
          <Caption value="Master Footer" />
        </EastReport.Component.Bands.MasterFooterBand>
        <EastReport.Component.Bands.MasterDataBand>
          <Name value="masterDataBand" />
          <Text value="masterDataBand" />
          <TabIndex value="3" />
          <Size value="{Width=827, Height=49}" />
          <Location value="{X=0,Y=172}" />
          <BackColor value="Color [PeachPuff]" />
          <EndPrintScript value="" />
          <BeginPrintScript value="" />
          <Page value="Page1 [EastReport.Page], BorderStyle: System.Windows.Forms.BorderStyle.None" />
          <Caption value="Master Data" />
          <DataTableName value="BoxDetail" />
        </EastReport.Component.Bands.MasterDataBand>
        <EastReport.Component.Bands.PageHeaderBand>
          <Name value="pageHeaderBand" />
          <Text value="pageHeaderBand" />
          <TabIndex value="2" />
          <Size value="{Width=827, Height=57}" />
          <Location value="{X=0,Y=116}" />
          <BackColor value="Color [PeachPuff]" />
          <EndPrintScript value="" />
          <BeginPrintScript value="BatchNo=&quot;20230307001&quot;;&#xA;QualityString=&quot;yks362554555&quot;;&#xA;ColorNum=&quot;199&quot;;&#xA;Specs=&quot;177&quot;;" />
          <Page value="Page1 [EastReport.Page], BorderStyle: System.Windows.Forms.BorderStyle.None" />
          <Caption value="Page Header" />
        </EastReport.Component.Bands.PageHeaderBand>
        <EastReport.Component.Label>
          <Name value="label" />
          <Text value="label" />
          <TabIndex value="1" />
          <Size value="{Width=277, Height=33}" />
          <Location value="{X=288,Y=64}" />
          <EndPrintScript value="" />
          <BeginPrintScript value="" />
          <Page value="Page1 [EastReport.Page], BorderStyle: System.Windows.Forms.BorderStyle.None" />
          <FontUnderline value="False" />
          <FontStrikeout value="False" />
          <FontItalic value="False" />
          <FontBold value="False" />
          <Font value="[Font: Name=宋体, Size=14, Units=3, GdiCharSet=1, GdiVerticalFont=False]" />
          <ForeColor value="Color [Black]" />
          <BackColor value="Color [Transparent]" />
          <BorderColor value="Color [Black]" />
          <BorderWidth value="1" />
          <DrawBottomBorder value="False" />
          <DrawRightBorder value="False" />
          <DrawLeftBorder value="False" />
          <DrawTopBorder value="False" />
          <TextAlignment value="TopCenter" />
          <Caption value="宁波宜阳宾霸纺织品有限公司" />
        </EastReport.Component.Label>
        <EastReport.Component.Bands.ReportTitleBand>
          <Name value="reportTitleBand" />
          <Text value="reportTitleBand" />
          <TabIndex value="0" />
          <Size value="{Width=827, Height=57}" />
          <Location value="{X=0,Y=48}" />
          <BackColor value="Color [PeachPuff]" />
          <EndPrintScript value="" />
          <BeginPrintScript value="" />
          <Page value="Page1 [EastReport.Page], BorderStyle: System.Windows.Forms.BorderStyle.None" />
          <Caption value="Report Title" />
        </EastReport.Component.Bands.ReportTitleBand>
      </Controls>
    </EastReport.Page>
  </Pages>
</EastReport>